<?xml version="1.0" encoding="UTF-8"?>
<!-- Generated by org.testng.reporters.JUnitXMLReporter -->
<testsuite ignored="0" hostname="LAPTOP-NPEQ6NRP" failures="0" tests="10" name="Test" time="278.06" errors="0" timestamp="2025-02-11T16:59:19 IST">
  <testcase classname="packageofamazonproject.Amazon_Project_Gtm.Testcase10" name="addtocart" time="27.903"/>
  <testcase classname="packageofamazonproject.Amazon_Project_Gtm.Testcase9" name="addtocart" time="23.694"/>
  <testcase classname="packageofamazonproject.Amazon_Project_Gtm.Testcase8" name="login_search_modifyvalue_sorting" time="25.685"/>
  <testcase classname="packageofamazonproject.Amazon_Project_Gtm.Testcase7" name="login_search_productinformation" time="20.669"/>
  <testcase classname="packageofamazonproject.Amazon_Project_Gtm.Testcase6" name="login_search_modifyvalue" time="24.79"/>
  <testcase classname="packageofamazonproject.Amazon_Project_Gtm.Testcase5" name="manage_profiles" time="16.369"/>
  <testcase classname="packageofamazonproject.Amazon_Project_Gtm.Testcase4" name="manage_profiles" time="13.157"/>
  <testcase classname="packageofamazonproject.Amazon_Project_Gtm.Testcase3" name="login_invalidcredentials" time="5.885"/>
  <testcase classname="packageofamazonproject.Amazon_Project_Gtm.Testcase2" name="login_validcredentials" time="9.591"/>
  <testcase classname="packageofamazonproject.Amazon_Project_Gtm.Testcase1" name="newcustomer_registration" time="4.568"/>
</testsuite> <!-- Test -->
