<?xml version="1.0" encoding="UTF-8"?>
<!-- Generated by org.testng.reporters.JUnitXMLReporter -->
<testsuite ignored="0" hostname="LAPTOP-NPEQ6NRP" failures="0" tests="2" name="Testing on Edge" time="38.746" errors="0" timestamp="2025-02-27T13:28:45 IST">
  <testcase classname="packageofamazonproject.Amazon_Project_Gtm.Testcase2_LoginWithValidCred" name="login_validcredentials" time="2.729">
    <skipped/>
  </testcase> <!-- login_validcredentials -->
  <testcase classname="packageofamazonproject.Amazon_Project_Gtm.Testcase2_LoginWithValidCred" name="login_validcredentials" time="9.253"/>
</testsuite> <!-- Testing on Edge -->
