<?xml version="1.0" encoding="UTF-8"?>
<testsuite xmlns:xsi="http://www.w3.org/2001/XMLSchema-instance" xsi:noNamespaceSchemaLocation="https://maven.apache.org/surefire/maven-surefire-plugin/xsd/surefire-test-report.xsd" version="3.0.2" name="TestSuite" time="611.103" tests="22" errors="0" skipped="8" failures="0">
  <properties>
[...]
</properties>
  <testcase name="newcustomer_registration" classname="packageofamazonproject.Amazon_Project_Gtm.Testcase1_NewCustomerRegistration" time="0.0">
    <skipped message="no such element: Unable to locate element: {&quot;method&quot;:&quot;css selector&quot;,&quot;selector&quot;:&quot;#ap_customer_name&quot;}&#10;  (Session info: MicrosoftEdge=133.0.3065.59)&#10;For documentation on this error, please visit: https://www.selenium.dev/documentation/webdriver/troubleshooting/errors#no-such-element-exception&#10;Build info: version: &apos;4.27.0&apos;, revision: &apos;d6e718d134&apos;&#10;System info: os.name: &apos;Windows 11&apos;, os.arch: &apos;amd64&apos;, os.version: &apos;10.0&apos;, java.version: &apos;23&apos;&#10;Driver info: org.openqa.selenium.edge.EdgeDriver&#10;Command: [4eab0b37ef68014bdbc27b802d531cef, findElement {using=id, value=ap_customer_name}]&#10;Capabilities {acceptInsecureCerts: false, browserName: MicrosoftEdge, browserVersion: 133.0.3065.59, fedcm:accounts: true, ms:edgeOptions: {debuggerAddress: localhost:61871}, msedge: {msedgedriverVersion: 133.0.3065.59 (3b8acd719957..., userDataDir: C:\Users\lenovo\AppData\Loc...}, networkConnectionEnabled: false, pageLoadStrategy: normal, platformName: windows, proxy: Proxy(), se:cdp: ws://localhost:61871/devtoo..., se:cdpVersion: 133.0.3065.59, setWindowRect: true, strictFileInteractability: false, timeouts: {implicit: 0, pageLoad: 300000, script: 30000}, unhandledPromptBehavior: dismiss and notify, webauthn:extension:credBlob: true, webauthn:extension:largeBlob: true, webauthn:extension:minPinLength: true, webauthn:extension:prf: true, webauthn:virtualAuthenticators: true}&#10;Session ID: 4eab0b37ef68014bdbc27b802d531cef"/>
    <system-err><![CDATA[SLF4J: Failed to load class "org.slf4j.impl.StaticLoggerBinder".
SLF4J: Defaulting to no-operation (NOP) logger implementation
SLF4J: See http://www.slf4j.org/codes.html#StaticLoggerBinder for further details.
Feb 14, 2025 7:42:46 PM org.openqa.selenium.devtools.CdpVersionFinder findNearestMatch
WARNING: Unable to find an exact match for CDP version 133, returning the closest version; found: 131; Please update to a Selenium version that supports CDP version 133
ERROR StatusLogger Log4j2 could not find a logging implementation. Please add log4j-core to the classpath. Using SimpleLogger to log to the console...
]]></system-err>
  </testcase>
  <testcase name="newcustomer_registration" classname="packageofamazonproject.Amazon_Project_Gtm.Testcase1_NewCustomerRegistration" time="6.198">
    <system-err><![CDATA[Feb 14, 2025 7:43:04 PM org.openqa.selenium.devtools.CdpVersionFinder findNearestMatch
WARNING: Unable to find an exact match for CDP version 133, returning the closest version; found: 131; Please update to a Selenium version that supports CDP version 133
]]></system-err>
  </testcase>
  <testcase name="login_validcredentials" classname="packageofamazonproject.Amazon_Project_Gtm.Testcase2_LoginWithValidCred" time="8.588">
    <system-err><![CDATA[Feb 14, 2025 7:43:21 PM org.openqa.selenium.devtools.CdpVersionFinder findNearestMatch
WARNING: Unable to find an exact match for CDP version 133, returning the closest version; found: 131; Please update to a Selenium version that supports CDP version 133
]]></system-err>
  </testcase>
  <testcase name="login_invalidcredentials" classname="packageofamazonproject.Amazon_Project_Gtm.Testcase3_LoginWithInValidCred" time="0.0">
    <skipped message="no such element: Unable to locate element: {&quot;method&quot;:&quot;css selector&quot;,&quot;selector&quot;:&quot;#ap_password&quot;}&#10;  (Session info: MicrosoftEdge=133.0.3065.59)&#10;For documentation on this error, please visit: https://www.selenium.dev/documentation/webdriver/troubleshooting/errors#no-such-element-exception&#10;Build info: version: &apos;4.27.0&apos;, revision: &apos;d6e718d134&apos;&#10;System info: os.name: &apos;Windows 11&apos;, os.arch: &apos;amd64&apos;, os.version: &apos;10.0&apos;, java.version: &apos;23&apos;&#10;Driver info: org.openqa.selenium.edge.EdgeDriver&#10;Command: [e28943bf41ffd371ee74141b0fab7319, findElement {using=id, value=ap_password}]&#10;Capabilities {acceptInsecureCerts: false, browserName: MicrosoftEdge, browserVersion: 133.0.3065.59, fedcm:accounts: true, ms:edgeOptions: {debuggerAddress: localhost:62686}, msedge: {msedgedriverVersion: 133.0.3065.59 (3b8acd719957..., userDataDir: C:\Users\lenovo\AppData\Loc...}, networkConnectionEnabled: false, pageLoadStrategy: normal, platformName: windows, proxy: Proxy(), se:cdp: ws://localhost:62686/devtoo..., se:cdpVersion: 133.0.3065.59, setWindowRect: true, strictFileInteractability: false, timeouts: {implicit: 0, pageLoad: 300000, script: 30000}, unhandledPromptBehavior: dismiss and notify, webauthn:extension:credBlob: true, webauthn:extension:largeBlob: true, webauthn:extension:minPinLength: true, webauthn:extension:prf: true, webauthn:virtualAuthenticators: true}&#10;Session ID: e28943bf41ffd371ee74141b0fab7319"/>
    <system-err><![CDATA[Feb 14, 2025 7:43:42 PM org.openqa.selenium.devtools.CdpVersionFinder findNearestMatch
WARNING: Unable to find an exact match for CDP version 133, returning the closest version; found: 131; Please update to a Selenium version that supports CDP version 133
]]></system-err>
  </testcase>
  <testcase name="login_invalidcredentials" classname="packageofamazonproject.Amazon_Project_Gtm.Testcase3_LoginWithInValidCred" time="6.071">
    <system-err><![CDATA[Feb 14, 2025 7:43:54 PM org.openqa.selenium.devtools.CdpVersionFinder findNearestMatch
WARNING: Unable to find an exact match for CDP version 133, returning the closest version; found: 131; Please update to a Selenium version that supports CDP version 133
]]></system-err>
  </testcase>
  <testcase name="manage_profiles" classname="packageofamazonproject.Amazon_Project_Gtm.Testcase4_ManageWithEdit_Profile" time="0.0">
    <skipped message="no such element: Unable to locate element: {&quot;method&quot;:&quot;css selector&quot;,&quot;selector&quot;:&quot;#ap_password&quot;}&#10;  (Session info: MicrosoftEdge=133.0.3065.59)&#10;For documentation on this error, please visit: https://www.selenium.dev/documentation/webdriver/troubleshooting/errors#no-such-element-exception&#10;Build info: version: &apos;4.27.0&apos;, revision: &apos;d6e718d134&apos;&#10;System info: os.name: &apos;Windows 11&apos;, os.arch: &apos;amd64&apos;, os.version: &apos;10.0&apos;, java.version: &apos;23&apos;&#10;Driver info: org.openqa.selenium.edge.EdgeDriver&#10;Command: [ecbb98d6569bc3c63ac078cc79dd29d4, findElement {using=id, value=ap_password}]&#10;Capabilities {acceptInsecureCerts: false, browserName: MicrosoftEdge, browserVersion: 133.0.3065.59, fedcm:accounts: true, ms:edgeOptions: {debuggerAddress: localhost:63549}, msedge: {msedgedriverVersion: 133.0.3065.59 (3b8acd719957..., userDataDir: C:\Users\lenovo\AppData\Loc...}, networkConnectionEnabled: false, pageLoadStrategy: normal, platformName: windows, proxy: Proxy(), se:cdp: ws://localhost:63549/devtoo..., se:cdpVersion: 133.0.3065.59, setWindowRect: true, strictFileInteractability: false, timeouts: {implicit: 0, pageLoad: 300000, script: 30000}, unhandledPromptBehavior: dismiss and notify, webauthn:extension:credBlob: true, webauthn:extension:largeBlob: true, webauthn:extension:minPinLength: true, webauthn:extension:prf: true, webauthn:virtualAuthenticators: true}&#10;Session ID: ecbb98d6569bc3c63ac078cc79dd29d4"/>
    <system-err><![CDATA[Feb 14, 2025 7:44:10 PM org.openqa.selenium.devtools.CdpVersionFinder findNearestMatch
WARNING: Unable to find an exact match for CDP version 133, returning the closest version; found: 131; Please update to a Selenium version that supports CDP version 133
]]></system-err>
  </testcase>
  <testcase name="manage_profiles" classname="packageofamazonproject.Amazon_Project_Gtm.Testcase4_ManageWithEdit_Profile" time="32.898">
    <system-err><![CDATA[Feb 14, 2025 7:44:22 PM org.openqa.selenium.devtools.CdpVersionFinder findNearestMatch
WARNING: Unable to find an exact match for CDP version 133, returning the closest version; found: 131; Please update to a Selenium version that supports CDP version 133
]]></system-err>
  </testcase>
  <testcase name="login_searchproduct" classname="packageofamazonproject.Amazon_Project_Gtm.Testcase5_SearchProduct" time="17.136">
    <system-err><![CDATA[Feb 14, 2025 7:45:05 PM org.openqa.selenium.devtools.CdpVersionFinder findNearestMatch
WARNING: Unable to find an exact match for CDP version 133, returning the closest version; found: 131; Please update to a Selenium version that supports CDP version 133
]]></system-err>
  </testcase>
  <testcase name="login_search_filters" classname="packageofamazonproject.Amazon_Project_Gtm.Testcase6_SearchandApplyFilters" time="27.541">
    <system-err><![CDATA[Feb 14, 2025 7:45:32 PM org.openqa.selenium.devtools.CdpVersionFinder findNearestMatch
WARNING: Unable to find an exact match for CDP version 133, returning the closest version; found: 131; Please update to a Selenium version that supports CDP version 133
]]></system-err>
  </testcase>
  <testcase name="login_search_productinformation" classname="packageofamazonproject.Amazon_Project_Gtm.Testcase7_Login_Search_Productinfo" time="22.482">
    <system-out><![CDATA[Customer reviews
3.7 out of 5
6,217 global ratings
5 star
44%
4 star
21%
3 star
13%
2 star
6%
1 star
16%
How are ratings calculated?
Bacca Bucci® Men's Energy Afterburn Disruptor for Multiple Sports,Fashion, Party & Fun Shoes/Sneakers
-52%
₹1,199
M.R.P.:
₹2,499
Product Description
Product details
Material type
Polyurethane
Closure type
Lace-Up
Heel type
Platform Heel
Water resistance level
Not Water Resistant
Sole material
Phylon-EVA+Rubber
Style
Sneaker
Country of Origin
India
About this item
Street Style Design : The Fashion Sneakers Upper And Sole Are Design With Lightweight And Eliminate The Excess Lining Material, Using The Pu To Overlay With Micro Fiber Pieces, The Piercing Dots As Embellishments, Solid Color For Visual Impact, Showing The Trend Of Street Style.
See more
]]></system-out>
    <system-err><![CDATA[Feb 14, 2025 7:46:09 PM org.openqa.selenium.devtools.CdpVersionFinder findNearestMatch
WARNING: Unable to find an exact match for CDP version 133, returning the closest version; found: 131; Please update to a Selenium version that supports CDP version 133
]]></system-err>
  </testcase>
  <testcase name="login_search_modifyvalue_sorting" classname="packageofamazonproject.Amazon_Project_Gtm.Testcase8_Login_Search_Productsorting" time="16.779">
    <system-err><![CDATA[Feb 14, 2025 7:46:43 PM org.openqa.selenium.devtools.CdpVersionFinder findNearestMatch
WARNING: Unable to find an exact match for CDP version 133, returning the closest version; found: 131; Please update to a Selenium version that supports CDP version 133
]]></system-err>
  </testcase>
  <testcase name="addtocart" classname="packageofamazonproject.Amazon_Project_Gtm.Testcase9_Login_Search_Addtocart" time="23.367">
    <system-err><![CDATA[Feb 14, 2025 7:47:10 PM org.openqa.selenium.devtools.CdpVersionFinder findNearestMatch
WARNING: Unable to find an exact match for CDP version 133, returning the closest version; found: 131; Please update to a Selenium version that supports CDP version 133
]]></system-err>
  </testcase>
  <testcase name="addtocart_updateqty_removeitems" classname="packageofamazonproject.Amazon_Project_Gtm.Testcase10_Login_Search_Cart_Updateqty" time="0.0">
    <skipped message="no such element: Unable to locate element: {&quot;method&quot;:&quot;css selector&quot;,&quot;selector&quot;:&quot;#ap_password&quot;}&#10;  (Session info: MicrosoftEdge=133.0.3065.59)&#10;For documentation on this error, please visit: https://www.selenium.dev/documentation/webdriver/troubleshooting/errors#no-such-element-exception&#10;Build info: version: &apos;4.27.0&apos;, revision: &apos;d6e718d134&apos;&#10;System info: os.name: &apos;Windows 11&apos;, os.arch: &apos;amd64&apos;, os.version: &apos;10.0&apos;, java.version: &apos;23&apos;&#10;Driver info: org.openqa.selenium.edge.EdgeDriver&#10;Command: [1e35de45caddd96c8896df770fc2777a, findElement {using=id, value=ap_password}]&#10;Capabilities {acceptInsecureCerts: false, browserName: MicrosoftEdge, browserVersion: 133.0.3065.59, fedcm:accounts: true, ms:edgeOptions: {debuggerAddress: localhost:51620}, msedge: {msedgedriverVersion: 133.0.3065.59 (3b8acd719957..., userDataDir: C:\Users\lenovo\AppData\Loc...}, networkConnectionEnabled: false, pageLoadStrategy: normal, platformName: windows, proxy: Proxy(), se:cdp: ws://localhost:51620/devtoo..., se:cdpVersion: 133.0.3065.59, setWindowRect: true, strictFileInteractability: false, timeouts: {implicit: 0, pageLoad: 300000, script: 30000}, unhandledPromptBehavior: dismiss and notify, webauthn:extension:credBlob: true, webauthn:extension:largeBlob: true, webauthn:extension:minPinLength: true, webauthn:extension:prf: true, webauthn:virtualAuthenticators: true}&#10;Session ID: 1e35de45caddd96c8896df770fc2777a"/>
    <system-err><![CDATA[Feb 14, 2025 7:47:43 PM org.openqa.selenium.devtools.CdpVersionFinder findNearestMatch
WARNING: Unable to find an exact match for CDP version 133, returning the closest version; found: 131; Please update to a Selenium version that supports CDP version 133
]]></system-err>
  </testcase>
  <testcase name="addtocart_updateqty_removeitems" classname="packageofamazonproject.Amazon_Project_Gtm.Testcase10_Login_Search_Cart_Updateqty" time="36.767">
    <system-err><![CDATA[Feb 14, 2025 7:47:56 PM org.openqa.selenium.devtools.CdpVersionFinder findNearestMatch
WARNING: Unable to find an exact match for CDP version 133, returning the closest version; found: 131; Please update to a Selenium version that supports CDP version 133
]]></system-err>
  </testcase>
  <testcase name="checkout_paymentMethod_orderreview" classname="packageofamazonproject.Amazon_Project_Gtm.Testcase11_EndtoEndScenario" time="0.0">
    <skipped message="no such element: Unable to locate element: {&quot;method&quot;:&quot;css selector&quot;,&quot;selector&quot;:&quot;#ap_password&quot;}&#10;  (Session info: MicrosoftEdge=133.0.3065.59)&#10;For documentation on this error, please visit: https://www.selenium.dev/documentation/webdriver/troubleshooting/errors#no-such-element-exception&#10;Build info: version: &apos;4.27.0&apos;, revision: &apos;d6e718d134&apos;&#10;System info: os.name: &apos;Windows 11&apos;, os.arch: &apos;amd64&apos;, os.version: &apos;10.0&apos;, java.version: &apos;23&apos;&#10;Driver info: org.openqa.selenium.edge.EdgeDriver&#10;Command: [bc67e6632c3f7969234292a102b23831, findElement {using=id, value=ap_password}]&#10;Capabilities {acceptInsecureCerts: false, browserName: MicrosoftEdge, browserVersion: 133.0.3065.59, fedcm:accounts: true, ms:edgeOptions: {debuggerAddress: localhost:52998}, msedge: {msedgedriverVersion: 133.0.3065.59 (3b8acd719957..., userDataDir: C:\Users\lenovo\AppData\Loc...}, networkConnectionEnabled: false, pageLoadStrategy: normal, platformName: windows, proxy: Proxy(), se:cdp: ws://localhost:52998/devtoo..., se:cdpVersion: 133.0.3065.59, setWindowRect: true, strictFileInteractability: false, timeouts: {implicit: 0, pageLoad: 300000, script: 30000}, unhandledPromptBehavior: dismiss and notify, webauthn:extension:credBlob: true, webauthn:extension:largeBlob: true, webauthn:extension:minPinLength: true, webauthn:extension:prf: true, webauthn:virtualAuthenticators: true}&#10;Session ID: bc67e6632c3f7969234292a102b23831"/>
    <system-err><![CDATA[Feb 14, 2025 7:48:43 PM org.openqa.selenium.devtools.CdpVersionFinder findNearestMatch
WARNING: Unable to find an exact match for CDP version 133, returning the closest version; found: 131; Please update to a Selenium version that supports CDP version 133
]]></system-err>
  </testcase>
  <testcase name="checkout_paymentMethod_orderreview" classname="packageofamazonproject.Amazon_Project_Gtm.Testcase11_EndtoEndScenario" time="77.455">
    <system-err><![CDATA[Feb 14, 2025 7:48:55 PM org.openqa.selenium.devtools.CdpVersionFinder findNearestMatch
WARNING: Unable to find an exact match for CDP version 133, returning the closest version; found: 131; Please update to a Selenium version that supports CDP version 133
]]></system-err>
  </testcase>
  <testcase name="paymentMethod_Selection" classname="packageofamazonproject.Amazon_Project_Gtm.Testcase12_SelectEachPaymentMethod" time="0.0">
    <skipped message="no such element: Unable to locate element: {&quot;method&quot;:&quot;css selector&quot;,&quot;selector&quot;:&quot;#ap_password&quot;}&#10;  (Session info: MicrosoftEdge=133.0.3065.59)&#10;For documentation on this error, please visit: https://www.selenium.dev/documentation/webdriver/troubleshooting/errors#no-such-element-exception&#10;Build info: version: &apos;4.27.0&apos;, revision: &apos;d6e718d134&apos;&#10;System info: os.name: &apos;Windows 11&apos;, os.arch: &apos;amd64&apos;, os.version: &apos;10.0&apos;, java.version: &apos;23&apos;&#10;Driver info: org.openqa.selenium.edge.EdgeDriver&#10;Command: [b644204d3e7935e297b2fde1da89b260, findElement {using=id, value=ap_password}]&#10;Capabilities {acceptInsecureCerts: false, browserName: MicrosoftEdge, browserVersion: 133.0.3065.59, fedcm:accounts: true, ms:edgeOptions: {debuggerAddress: localhost:54764}, msedge: {msedgedriverVersion: 133.0.3065.59 (3b8acd719957..., userDataDir: C:\Users\lenovo\AppData\Loc...}, networkConnectionEnabled: false, pageLoadStrategy: normal, platformName: windows, proxy: Proxy(), se:cdp: ws://localhost:54764/devtoo..., se:cdpVersion: 133.0.3065.59, setWindowRect: true, strictFileInteractability: false, timeouts: {implicit: 0, pageLoad: 300000, script: 30000}, unhandledPromptBehavior: dismiss and notify, webauthn:extension:credBlob: true, webauthn:extension:largeBlob: true, webauthn:extension:minPinLength: true, webauthn:extension:prf: true, webauthn:virtualAuthenticators: true}&#10;Session ID: b644204d3e7935e297b2fde1da89b260"/>
    <system-err><![CDATA[Feb 14, 2025 7:50:23 PM org.openqa.selenium.devtools.CdpVersionFinder findNearestMatch
WARNING: Unable to find an exact match for CDP version 133, returning the closest version; found: 131; Please update to a Selenium version that supports CDP version 133
]]></system-err>
  </testcase>
  <testcase name="paymentMethod_Selection" classname="packageofamazonproject.Amazon_Project_Gtm.Testcase12_SelectEachPaymentMethod" time="0.0">
    <skipped message="no such element: Unable to locate element: {&quot;method&quot;:&quot;css selector&quot;,&quot;selector&quot;:&quot;#ap_password&quot;}&#10;  (Session info: MicrosoftEdge=133.0.3065.59)&#10;For documentation on this error, please visit: https://www.selenium.dev/documentation/webdriver/troubleshooting/errors#no-such-element-exception&#10;Build info: version: &apos;4.27.0&apos;, revision: &apos;d6e718d134&apos;&#10;System info: os.name: &apos;Windows 11&apos;, os.arch: &apos;amd64&apos;, os.version: &apos;10.0&apos;, java.version: &apos;23&apos;&#10;Driver info: org.openqa.selenium.edge.EdgeDriver&#10;Command: [e872e3037ee54851d927a368f8f99a7f, findElement {using=id, value=ap_password}]&#10;Capabilities {acceptInsecureCerts: false, browserName: MicrosoftEdge, browserVersion: 133.0.3065.59, fedcm:accounts: true, ms:edgeOptions: {debuggerAddress: localhost:54931}, msedge: {msedgedriverVersion: 133.0.3065.59 (3b8acd719957..., userDataDir: C:\Users\lenovo\AppData\Loc...}, networkConnectionEnabled: false, pageLoadStrategy: normal, platformName: windows, proxy: Proxy(), se:cdp: ws://localhost:54931/devtoo..., se:cdpVersion: 133.0.3065.59, setWindowRect: true, strictFileInteractability: false, timeouts: {implicit: 0, pageLoad: 300000, script: 30000}, unhandledPromptBehavior: dismiss and notify, webauthn:extension:credBlob: true, webauthn:extension:largeBlob: true, webauthn:extension:minPinLength: true, webauthn:extension:prf: true, webauthn:virtualAuthenticators: true}&#10;Session ID: e872e3037ee54851d927a368f8f99a7f"/>
    <system-err><![CDATA[Feb 14, 2025 7:50:35 PM org.openqa.selenium.devtools.CdpVersionFinder findNearestMatch
WARNING: Unable to find an exact match for CDP version 133, returning the closest version; found: 131; Please update to a Selenium version that supports CDP version 133
]]></system-err>
  </testcase>
  <testcase name="paymentMethod_Selection" classname="packageofamazonproject.Amazon_Project_Gtm.Testcase12_SelectEachPaymentMethod" time="37.568">
    <system-err><![CDATA[Feb 14, 2025 7:50:49 PM org.openqa.selenium.devtools.CdpVersionFinder findNearestMatch
WARNING: Unable to find an exact match for CDP version 133, returning the closest version; found: 131; Please update to a Selenium version that supports CDP version 133
]]></system-err>
  </testcase>
  <testcase name="coupon_codeapply" classname="packageofamazonproject.Amazon_Project_Gtm.Testcase13_Checkout_Couponapply" time="0.0">
    <skipped message="no such element: Unable to locate element: {&quot;method&quot;:&quot;css selector&quot;,&quot;selector&quot;:&quot;#ap_password&quot;}&#10;  (Session info: MicrosoftEdge=133.0.3065.59)&#10;For documentation on this error, please visit: https://www.selenium.dev/documentation/webdriver/troubleshooting/errors#no-such-element-exception&#10;Build info: version: &apos;4.27.0&apos;, revision: &apos;d6e718d134&apos;&#10;System info: os.name: &apos;Windows 11&apos;, os.arch: &apos;amd64&apos;, os.version: &apos;10.0&apos;, java.version: &apos;23&apos;&#10;Driver info: org.openqa.selenium.edge.EdgeDriver&#10;Command: [5536ecfe3b21e75c230117f33cc7b11a, findElement {using=id, value=ap_password}]&#10;Capabilities {acceptInsecureCerts: false, browserName: MicrosoftEdge, browserVersion: 133.0.3065.59, fedcm:accounts: true, ms:edgeOptions: {debuggerAddress: localhost:55199}, msedge: {msedgedriverVersion: 133.0.3065.59 (3b8acd719957..., userDataDir: C:\Users\lenovo\AppData\Loc...}, networkConnectionEnabled: false, pageLoadStrategy: normal, platformName: windows, proxy: Proxy(), se:cdp: ws://localhost:55199/devtoo..., se:cdpVersion: 133.0.3065.59, setWindowRect: true, strictFileInteractability: false, timeouts: {implicit: 0, pageLoad: 300000, script: 30000}, unhandledPromptBehavior: dismiss and notify, webauthn:extension:credBlob: true, webauthn:extension:largeBlob: true, webauthn:extension:minPinLength: true, webauthn:extension:prf: true, webauthn:virtualAuthenticators: true}&#10;Session ID: 5536ecfe3b21e75c230117f33cc7b11a"/>
    <system-err><![CDATA[Feb 14, 2025 7:51:36 PM org.openqa.selenium.devtools.CdpVersionFinder findNearestMatch
WARNING: Unable to find an exact match for CDP version 133, returning the closest version; found: 131; Please update to a Selenium version that supports CDP version 133
]]></system-err>
  </testcase>
  <testcase name="coupon_codeapply" classname="packageofamazonproject.Amazon_Project_Gtm.Testcase13_Checkout_Couponapply" time="28.095">
    <system-err><![CDATA[Feb 14, 2025 7:51:48 PM org.openqa.selenium.devtools.CdpVersionFinder findNearestMatch
WARNING: Unable to find an exact match for CDP version 133, returning the closest version; found: 131; Please update to a Selenium version that supports CDP version 133
]]></system-err>
  </testcase>
  <testcase name="amazonprocess_withoutlogin" classname="packageofamazonproject.Amazon_Project_Gtm.Testcase15_Search_Addtocart_Checkout_Withoutlogin" time="16.124">
    <system-err><![CDATA[Feb 14, 2025 7:52:25 PM org.openqa.selenium.devtools.CdpVersionFinder findNearestMatch
WARNING: Unable to find an exact match for CDP version 133, returning the closest version; found: 131; Please update to a Selenium version that supports CDP version 133
]]></system-err>
  </testcase>
</testsuite>