<?xml version="1.0" encoding="UTF-8"?>
<testng-results ignored="0" total="1" passed="1" failed="0" skipped="0">
  <reporter-output>
  </reporter-output>
  <suite started-at="2025-02-14T19:31:53 IST" name="Default suite" finished-at="2025-02-14T19:32:35 IST" duration-ms="41619">
    <groups>
    </groups>
    <test started-at="2025-02-14T19:31:53 IST" name="Default test" finished-at="2025-02-14T19:32:35 IST" duration-ms="41619">
      <class name="packageofamazonproject.Amazon_Project_Gtm.Testcase4_ManageWithEdit_Profile">
        <test-method is-config="true" signature="launch()[pri:0, instance:packageofamazonproject.Amazon_Project_Gtm.Testcase4_ManageWithEdit_Profile@5b12b668]" started-at="2025-02-14T19:31:53 IST" name="launch" finished-at="2025-02-14T19:32:03 IST" duration-ms="9861" status="PASS">
          <reporter-output>
          </reporter-output>
        </test-method> <!-- launch -->
        <test-method signature="manage_profiles()[pri:0, instance:packageofamazonproject.Amazon_Project_Gtm.Testcase4_ManageWithEdit_Profile@5b12b668]" started-at="2025-02-14T19:32:03 IST" name="manage_profiles" finished-at="2025-02-14T19:32:33 IST" duration-ms="29881" status="PASS">
          <reporter-output>
          </reporter-output>
        </test-method> <!-- manage_profiles -->
        <test-method is-config="true" signature="quit()[pri:0, instance:packageofamazonproject.Amazon_Project_Gtm.Testcase4_ManageWithEdit_Profile@5b12b668]" started-at="2025-02-14T19:32:33 IST" name="quit" finished-at="2025-02-14T19:32:35 IST" duration-ms="1793" status="PASS">
          <reporter-output>
          </reporter-output>
        </test-method> <!-- quit -->
      </class> <!-- packageofamazonproject.Amazon_Project_Gtm.Testcase4_ManageWithEdit_Profile -->
    </test> <!-- Default test -->
  </suite> <!-- Default suite -->
</testng-results>
